<?xml version="1.0" encoding="UTF-8"?>
<!-- Generated by org.testng.reporters.JUnitReportReporter -->
<testsuite hostname="MSI" failures="0" tests="2" name="com.magento.qa.testcases.RegisterAccount" time="16.654" errors="0" timestamp="2023-09-18T04:10:22 MST" skipped="0">
  <testcase classname="com.magento.qa.testcases.RegisterAccount" name="verifyRegistering" time="6.687"/>
  <testcase classname="com.magento.qa.testcases.RegisterAccount" name="verifyRegisteringWithExistingEmail" time="9.967"/>
</testsuite> <!-- com.magento.qa.testcases.RegisterAccount -->
