<?xml version="1.0" encoding="UTF-8"?>
<!-- Generated by org.testng.reporters.JUnitReportReporter -->
<testsuite hostname="MSI" failures="0" tests="2" name="com.magento.qa.testcases.Login" time="19.750" errors="0" timestamp="2023-09-18T02:14:20 MST" skipped="0">
  <testcase classname="com.magento.qa.testcases.Login" name="verifyLoinWithValidCredentials" time="13.901"/>
  <testcase classname="com.magento.qa.testcases.Login" name="verifyLoginWithInvalidEmail" time="5.849"/>
</testsuite> <!-- com.magento.qa.testcases.Login -->
